<?xml version="1.0" encoding="UTF-8"?>
<!-- Generated by org.testng.reporters.JUnitXMLReporter -->
<testsuite hostname="Hatices-MacBook-Air-2.local" ignored="0" name="Default test" tests="6" failures="0" timestamp="27 Jun 2018 15:47:35 GMT" time="21.678" errors="0">
  <testcase name="testInput" time="0.015" classname="com.webelements.webElementsForm"/>
  <testcase name="testDropdowns" time="0.0" classname="com.webelements.webElementsForm"/>
  <testcase name="testCheckbox" time="0.001" classname="com.webelements.webElementsForm"/>
  <testcase name="testRadiobox" time="0.001" classname="com.webelements.webElementsForm"/>
  <testcase name="buttons" time="0.002" classname="com.webelements.webElementsForm"/>
  <testcase name="Fill" time="10.81" classname="com.webelements.webElementsForm"/>
</testsuite> <!-- Default test -->
